Added Pin To Net: NetName=GND Pin=B1-1
Added Pin To Net: NetName=NetB1_2 Pin=B1-2
Added Pin To Net: NetName=NetB1_3 Pin=B1-3
Added Pin To Net: NetName=OUT1 Pin=B1-4
Added Pin To Net: NetName=NetB1_5 Pin=B1-5
Added Pin To Net: NetName=NetB1_6 Pin=B1-6
Added Pin To Net: NetName=VB Pin=B1-7
Added Pin To Net: NetName=OUT1 Pin=B1-8
Added Pin To Net: NetName=GND Pin=B2-1
Added Pin To Net: NetName=NetB2_2 Pin=B2-2
Added Pin To Net: NetName=NetB2_3 Pin=B2-3
Added Pin To Net: NetName=OUT2 Pin=B2-4
Added Pin To Net: NetName=NetB2_5 Pin=B2-5
Added Pin To Net: NetName=NetB2_6 Pin=B2-6
Added Pin To Net: NetName=VB Pin=B2-7
Added Pin To Net: NetName=OUT2 Pin=B2-8
Added Pin To Net: NetName=GND Pin=B3-1
Added Pin To Net: NetName=NetB3_2 Pin=B3-2
Added Pin To Net: NetName=NetB3_3 Pin=B3-3
Added Pin To Net: NetName=OUT3 Pin=B3-4
Added Pin To Net: NetName=NetB3_5 Pin=B3-5
Added Pin To Net: NetName=NetB3_6 Pin=B3-6
Added Pin To Net: NetName=VB Pin=B3-7
Added Pin To Net: NetName=OUT3 Pin=B3-8
Added Pin To Net: NetName=GND Pin=B4-1
Added Pin To Net: NetName=NetB4_2 Pin=B4-2
Added Pin To Net: NetName=NetB4_3 Pin=B4-3
Added Pin To Net: NetName=OUT4 Pin=B4-4
Added Pin To Net: NetName=NetB4_5 Pin=B4-5
Added Pin To Net: NetName=NetB4_6 Pin=B4-6
Added Pin To Net: NetName=VB Pin=B4-7
Added Pin To Net: NetName=OUT4 Pin=B4-8
Added Pin To Net: NetName=GND Pin=C1-1
Added Pin To Net: NetName=NetB1_5 Pin=C1-2
Added Pin To Net: NetName=NetB2_5 Pin=C2-1
Added Pin To Net: NetName=GND Pin=C2-2
Added Pin To Net: NetName=GND Pin=C3-1
Added Pin To Net: NetName=NetB3_5 Pin=C3-2
Added Pin To Net: NetName=NetB4_5 Pin=C4-1
Added Pin To Net: NetName=GND Pin=C4-2
Added Pin To Net: NetName=VB Pin=C7-1
Added Pin To Net: NetName=GND Pin=C7-2
Added Pin To Net: NetName=GND Pin=C8-1
Added Pin To Net: NetName=VB Pin=C8-2
Added Pin To Net: NetName=5V Pin=C9-1
Added Pin To Net: NetName=GND Pin=C9-2
Added Pin To Net: NetName=5V Pin=C10-1
Added Pin To Net: NetName=GND Pin=C10-2
Added Pin To Net: NetName=NetD1_1 Pin=D1-1
Added Pin To Net: NetName=GND Pin=D1-2
Added Pin To Net: NetName=5V Pin=R1-1
Added Pin To Net: NetName=NetB1_3 Pin=R1-2
Added Pin To Net: NetName=PWM1 Pin=R2-1
Added Pin To Net: NetName=NetB1_2 Pin=R2-2
Added Pin To Net: NetName=GND Pin=R3-1
Added Pin To Net: NetName=NetB1_6 Pin=R3-2
Added Pin To Net: NetName=GND Pin=R4-1
Added Pin To Net: NetName=NetB1_5 Pin=R4-2
Added Pin To Net: NetName=NetB2_3 Pin=R5-1
Added Pin To Net: NetName=5V Pin=R5-2
Added Pin To Net: NetName=NetB2_2 Pin=R6-1
Added Pin To Net: NetName=PWM2 Pin=R6-2
Added Pin To Net: NetName=NetB2_6 Pin=R7-1
Added Pin To Net: NetName=GND Pin=R7-2
Added Pin To Net: NetName=NetB2_5 Pin=R8-1
Added Pin To Net: NetName=GND Pin=R8-2
Added Pin To Net: NetName=5V Pin=R9-1
Added Pin To Net: NetName=NetB3_3 Pin=R9-2
Added Pin To Net: NetName=PWM3 Pin=R10-1
Added Pin To Net: NetName=NetB3_2 Pin=R10-2
Added Pin To Net: NetName=GND Pin=R11-1
Added Pin To Net: NetName=NetB3_6 Pin=R11-2
Added Pin To Net: NetName=GND Pin=R12-1
Added Pin To Net: NetName=NetB3_5 Pin=R12-2
Added Pin To Net: NetName=NetB4_3 Pin=R13-1
Added Pin To Net: NetName=5V Pin=R13-2
Added Pin To Net: NetName=NetB4_2 Pin=R14-1
Added Pin To Net: NetName=PWM4 Pin=R14-2
Added Pin To Net: NetName=NetB4_6 Pin=R15-1
Added Pin To Net: NetName=NetB4_5 Pin=R16-1
Added Pin To Net: NetName=GND Pin=R16-2
Added Pin To Net: NetName=VB Pin=R17-1
Added Pin To Net: NetName=NetD1_1 Pin=R17-2
Added Pin To Net: NetName=GND Pin=Z1-1
Added Pin To Net: NetName=INT1 Pin=Z1-2
Added Pin To Net: NetName=INT2 Pin=Z1-4
Added Pin To Net: NetName=INT3 Pin=Z1-6
Added Pin To Net: NetName=INT4 Pin=Z1-8
Added Pin To Net: NetName=GND Pin=Z1-10
Added Pin To Net: NetName=PWM4 Pin=Z1-12
Added Pin To Net: NetName=PWM3 Pin=Z1-14
Added Pin To Net: NetName=PWM2 Pin=Z1-16
Added Pin To Net: NetName=PWM1 Pin=Z1-18
Added Pin To Net: NetName=GND Pin=Z1-19
Added Pin To Net: NetName=5V Pin=Z1-20
Added Room: Name=TwoMotor
